<?xml version="1.0" encoding="UTF-8"?>
<!-- Generated by org.testng.reporters.JUnitXMLReporter -->
<testsuite ignored="0" hostname="Devkant-DELL" failures="1" tests="13" name="Accounts Page Test" time="38.664" errors="0" timestamp="01 Sep 2021 15:25:48 GMT">
  <testcase classname="com.qa.opencart.tests.AccountsPageTest" name="accPageTitleTest" time="0.013"/>
  <testcase classname="com.qa.opencart.tests.AccountsPageTest" name="accPageHeaderTest" time="0.031">
    <skipped/>
  </testcase> <!-- accPageHeaderTest -->
  <testcase classname="com.qa.opencart.tests.AccountsPageTest" name="accPageHeaderTest" time="0.016">
    <skipped/>
  </testcase> <!-- accPageHeaderTest -->
  <testcase classname="com.qa.opencart.tests.AccountsPageTest" name="accPageHeaderTest" time="0.018">
    <skipped/>
  </testcase> <!-- accPageHeaderTest -->
  <testcase classname="com.qa.opencart.tests.AccountsPageTest" name="accPageHeaderTest" time="0.016">
    <failure type="java.lang.AssertionError" message="expected [Your Store11] but found [Your Store]">
      <![CDATA[java.lang.AssertionError: expected [Your Store11] but found [Your Store]
at com.qa.opencart.tests.AccountsPageTest.accPageHeaderTest(AccountsPageTest.java:46)
at java.base/java.util.concurrent.FutureTask.run(FutureTask.java:264)
at java.base/java.util.concurrent.ThreadPoolExecutor.runWorker(ThreadPoolExecutor.java:1130)
at java.base/java.util.concurrent.ThreadPoolExecutor$Worker.run(ThreadPoolExecutor.java:630)
at java.base/java.lang.Thread.run(Thread.java:832)
... Removed 22 stack frames]]>
    </failure>
  </testcase> <!-- accPageHeaderTest -->
  <testcase classname="com.qa.opencart.tests.AccountsPageTest" name="accSectionsListTest" time="0.069"/>
  <testcase classname="com.qa.opencart.tests.AccountsPageTest" name="logoutLinkExistTest" time="0.064"/>
  <testcase classname="com.qa.opencart.tests.AccountsPageTest" name="searchTest" time="2.284"/>
  <testcase classname="com.qa.opencart.tests.AccountsPageTest" name="searchTest" time="2.491"/>
  <testcase classname="com.qa.opencart.tests.AccountsPageTest" name="searchTest" time="2.216"/>
  <testcase classname="com.qa.opencart.tests.AccountsPageTest" name="selectProductTest" time="6.117"/>
  <testcase classname="com.qa.opencart.tests.AccountsPageTest" name="selectProductTest" time="3.568"/>
  <testcase classname="com.qa.opencart.tests.AccountsPageTest" name="selectProductTest" time="4.69"/>
</testsuite> <!-- Accounts Page Test -->
