<?xml version="1.0" encoding="UTF-8"?>
<!-- Generated by org.testng.reporters.JUnitXMLReporter -->
<testsuite ignored="0" hostname="Devkant-DELL" failures="0" tests="4" name="Default test" time="11.673" errors="0" timestamp="02 Sep 2021 04:12:09 GMT">
  <testcase classname="com.qa.opencart.tests.LoginPageTest" name="loginPageTitleTest" time="0.146"/>
  <testcase classname="com.qa.opencart.tests.LoginPageTest" name="loginPageHeaderTest" time="0.042"/>
  <testcase classname="com.qa.opencart.tests.LoginPageTest" name="forgotPwdLinkTest" time="0.05"/>
  <testcase classname="com.qa.opencart.tests.LoginPageTest" name="loginTest" time="2.595"/>
</testsuite> <!-- Default test -->
