<?xml version="1.0" encoding="UTF-8"?>
<testng-results ignored="0" total="4" passed="4" failed="0" skipped="0">
  <reporter-output>
  </reporter-output>
  <suite started-at="2021-09-02T04:11:57Z" name="Default suite" finished-at="2021-09-02T04:12:09Z" duration-ms="11673">
    <groups>
    </groups>
    <test started-at="2021-09-02T04:11:57Z" name="Default test" finished-at="2021-09-02T04:12:09Z" duration-ms="11673">
      <class name="com.qa.opencart.tests.LoginPageTest">
        <test-method is-config="true" signature="setUp()[pri:0, instance:com.qa.opencart.tests.LoginPageTest@48840594]" started-at="2021-09-02T04:11:57Z" name="setUp" finished-at="2021-09-02T04:12:05Z" duration-ms="7973" status="PASS">
          <reporter-output>
          </reporter-output>
        </test-method> <!-- setUp -->
        <test-method signature="loginPageTitleTest()[pri:1, instance:com.qa.opencart.tests.LoginPageTest@48840594]" started-at="2021-09-02T04:12:05Z" name="loginPageTitleTest" finished-at="2021-09-02T04:12:06Z" duration-ms="146" status="PASS">
          <reporter-output>
          </reporter-output>
        </test-method> <!-- loginPageTitleTest -->
        <test-method signature="loginPageHeaderTest()[pri:2, instance:com.qa.opencart.tests.LoginPageTest@48840594]" started-at="2021-09-02T04:12:06Z" name="loginPageHeaderTest" finished-at="2021-09-02T04:12:06Z" duration-ms="42" status="PASS">
          <reporter-output>
          </reporter-output>
        </test-method> <!-- loginPageHeaderTest -->
        <test-method signature="forgotPwdLinkTest()[pri:3, instance:com.qa.opencart.tests.LoginPageTest@48840594]" started-at="2021-09-02T04:12:06Z" name="forgotPwdLinkTest" finished-at="2021-09-02T04:12:06Z" duration-ms="50" status="PASS">
          <reporter-output>
          </reporter-output>
        </test-method> <!-- forgotPwdLinkTest -->
        <test-method signature="loginTest()[pri:4, instance:com.qa.opencart.tests.LoginPageTest@48840594]" started-at="2021-09-02T04:12:06Z" name="loginTest" finished-at="2021-09-02T04:12:08Z" duration-ms="2595" status="PASS">
          <reporter-output>
          </reporter-output>
        </test-method> <!-- loginTest -->
        <test-method is-config="true" signature="tearDown()[pri:0, instance:com.qa.opencart.tests.LoginPageTest@48840594]" started-at="2021-09-02T04:12:08Z" name="tearDown" finished-at="2021-09-02T04:12:09Z" duration-ms="668" status="PASS">
          <reporter-output>
          </reporter-output>
        </test-method> <!-- tearDown -->
      </class> <!-- com.qa.opencart.tests.LoginPageTest -->
    </test> <!-- Default test -->
  </suite> <!-- Default suite -->
</testng-results>
